-------------------------------------------------------------------------------
Test set: TestSuite
-------------------------------------------------------------------------------
Tests run: 3, Failures: 1, Errors: 0, Skipped: 1, Time elapsed: 20.942 sec <<< FAILURE! - in TestSuite
addNewCustomer(TC.TC_AddCustomerTest_003)  Time elapsed: 3.125 sec  <<< FAILURE!
org.openqa.selenium.ElementClickInterceptedException: Element <a href="addcustomerpage.php"> is not clickable at point (120,393) because another element <div id="gdpr-consent-tool-wrapper"> obscures it
Build info: version: '3.14.0', revision: 'aacccce0', time: '2018-08-02T20:19:58.91Z'
System info: host: 'jojos-MBP.homenet.telecomitalia.it', ip: 'fe80:0:0:0:4bf:396e:8496:d2f4%en0', os.name: 'Mac OS X', os.arch: 'x86_64', os.version: '13.2.1', java.version: '19.0.1'
Driver info: org.openqa.selenium.firefox.FirefoxDriver
Capabilities {acceptInsecureCerts: true, browserName: firefox, browserVersion: 110.0, javascriptEnabled: true, moz:accessibilityChecks: false, moz:buildID: 20230214051806, moz:geckodriverVersion: 0.32.2, moz:headless: false, moz:platformVersion: 22.3.0, moz:processID: 30012, moz:profile: /var/folders/q8/qr6dk2915_d..., moz:shutdownTimeout: 60000, moz:useNonSpecCompliantPointerOrigin: false, moz:webdriverClick: true, moz:windowless: false, pageLoadStrategy: normal, platform: MAC, platformName: MAC, proxy: Proxy(), setWindowRect: true, strictFileInteractability: false, timeouts: {implicit: 0, pageLoad: 300000, script: 30000}, unhandledPromptBehavior: dismiss and notify}
Session ID: dbe6cb00-1bb3-49fd-9a85-90d98824a762
	at java.base/jdk.internal.reflect.DirectConstructorHandleAccessor.newInstance(DirectConstructorHandleAccessor.java:67)
	at java.base/java.lang.reflect.Constructor.newInstanceWithCaller(Constructor.java:500)
	at java.base/java.lang.reflect.Constructor.newInstance(Constructor.java:484)
	at org.openqa.selenium.remote.http.W3CHttpResponseCodec.createException(W3CHttpResponseCodec.java:187)
	at org.openqa.selenium.remote.http.W3CHttpResponseCodec.decode(W3CHttpResponseCodec.java:122)
	at org.openqa.selenium.remote.http.W3CHttpResponseCodec.decode(W3CHttpResponseCodec.java:49)
	at org.openqa.selenium.remote.HttpCommandExecutor.execute(HttpCommandExecutor.java:158)
	at org.openqa.selenium.remote.service.DriverCommandExecutor.execute(DriverCommandExecutor.java:83)
	at org.openqa.selenium.remote.RemoteWebDriver.execute(RemoteWebDriver.java:548)
	at org.openqa.selenium.remote.RemoteWebElement.execute(RemoteWebElement.java:276)
	at org.openqa.selenium.remote.RemoteWebElement.click(RemoteWebElement.java:83)
	at java.base/jdk.internal.reflect.DirectMethodHandleAccessor.invoke(DirectMethodHandleAccessor.java:104)
	at java.base/java.lang.reflect.Method.invoke(Method.java:578)
	at org.openqa.selenium.support.pagefactory.internal.LocatingElementHandler.invoke(LocatingElementHandler.java:51)
	at jdk.proxy2/jdk.proxy2.$Proxy10.click(Unknown Source)
	at POM.AddCustomerPage.clickAddNewCustomer(AddCustomerPage.java:68)
	at TC.TC_AddCustomerTest_003.addNewCustomer(TC_AddCustomerTest_003.java:26)

