<?xml version="1.0" encoding="UTF-8"?>
<testsuite xmlns:xsi="http://www.w3.org/2001/XMLSchema-instance" xsi:noNamespaceSchemaLocation="https://maven.apache.org/surefire/maven-surefire-plugin/xsd/surefire-test-report.xsd" name="TestSuite" time="31.363" tests="12" errors="0" skipped="7" failures="4">
  <properties>
[...]
</properties>
  <testcase name="setup" classname="TC.TCLoginTest001" time="8.152">
    <failure message="session not created: This version of ChromeDriver only supports Chrome version 109&#10;Current browser version is 111.0.5563.64 with binary path /Applications/Google Chrome.app/Contents/MacOS/Google Chrome&#10;Build info: version: &apos;3.14.0&apos;, revision: &apos;aacccce0&apos;, time: &apos;2018-08-02T20:19:58.91Z&apos;&#10;System info: host: &apos;jojos-MBP.homenet.telecomitalia.it&apos;, ip: &apos;fe80:0:0:0:4bf:396e:8496:d2f4%en0&apos;, os.name: &apos;Mac OS X&apos;, os.arch: &apos;x86_64&apos;, os.version: &apos;13.2.1&apos;, java.version: &apos;19.0.1&apos;&#10;Driver info: driver.version: ChromeDriver&#10;remote stacktrace: 0   chromedriver                        0x0000000102f13fa8 chromedriver + 4886440&#10;1   chromedriver                        0x0000000102e91643 chromedriver + 4351555&#10;2   chromedriver                        0x0000000102adfb27 chromedriver + 477991&#10;3   chromedriver                        0x0000000102b11659 chromedriver + 681561&#10;4   chromedriver                        0x0000000102b0c3bb chromedriver + 660411&#10;5   chromedriver                        0x0000000102b08712 chromedriver + 644882&#10;6   chromedriver                        0x0000000102b53bd7 chromedriver + 953303&#10;7   chromedriver                        0x0000000102b4a3a3 chromedriver + 914339&#10;8   chromedriver                        0x0000000102b1457f chromedriver + 693631&#10;9   chromedriver                        0x0000000102b15b1e chromedriver + 699166&#10;10  chromedriver                        0x0000000102ee0b9e chromedriver + 4676510&#10;11  chromedriver                        0x0000000102ee591e chromedriver + 4696350&#10;12  chromedriver                        0x0000000102eed19f chromedriver + 4727199&#10;13  chromedriver                        0x0000000102ee681a chromedriver + 4700186&#10;14  chromedriver                        0x0000000102eb9a62 chromedriver + 4516450&#10;15  chromedriver                        0x0000000102f058c8 chromedriver + 4827336&#10;16  chromedriver                        0x0000000102f05a45 chromedriver + 4827717&#10;17  chromedriver                        0x0000000102f1b7ef chromedriver + 4917231&#10;18  libsystem_pthread.dylib             0x00007ff80592c259 _pthread_start + 125&#10;19  libsystem_pthread.dylib             0x00007ff805927c7b thread_start + 15&#10;" type="org.openqa.selenium.SessionNotCreatedException">org.openqa.selenium.SessionNotCreatedException: 
session not created: This version of ChromeDriver only supports Chrome version 109
Current browser version is 111.0.5563.64 with binary path /Applications/Google Chrome.app/Contents/MacOS/Google Chrome
Build info: version: '3.14.0', revision: 'aacccce0', time: '2018-08-02T20:19:58.91Z'
System info: host: 'jojos-MBP.homenet.telecomitalia.it', ip: 'fe80:0:0:0:4bf:396e:8496:d2f4%en0', os.name: 'Mac OS X', os.arch: 'x86_64', os.version: '13.2.1', java.version: '19.0.1'
Driver info: driver.version: ChromeDriver
remote stacktrace: 0   chromedriver                        0x0000000102f13fa8 chromedriver + 4886440
1   chromedriver                        0x0000000102e91643 chromedriver + 4351555
2   chromedriver                        0x0000000102adfb27 chromedriver + 477991
3   chromedriver                        0x0000000102b11659 chromedriver + 681561
4   chromedriver                        0x0000000102b0c3bb chromedriver + 660411
5   chromedriver                        0x0000000102b08712 chromedriver + 644882
6   chromedriver                        0x0000000102b53bd7 chromedriver + 953303
7   chromedriver                        0x0000000102b4a3a3 chromedriver + 914339
8   chromedriver                        0x0000000102b1457f chromedriver + 693631
9   chromedriver                        0x0000000102b15b1e chromedriver + 699166
10  chromedriver                        0x0000000102ee0b9e chromedriver + 4676510
11  chromedriver                        0x0000000102ee591e chromedriver + 4696350
12  chromedriver                        0x0000000102eed19f chromedriver + 4727199
13  chromedriver                        0x0000000102ee681a chromedriver + 4700186
14  chromedriver                        0x0000000102eb9a62 chromedriver + 4516450
15  chromedriver                        0x0000000102f058c8 chromedriver + 4827336
16  chromedriver                        0x0000000102f05a45 chromedriver + 4827717
17  chromedriver                        0x0000000102f1b7ef chromedriver + 4917231
18  libsystem_pthread.dylib             0x00007ff80592c259 _pthread_start + 125
19  libsystem_pthread.dylib             0x00007ff805927c7b thread_start + 15

</failure>
    <system-out><![CDATA[[TestNG] [WARN] Ignoring duplicate listener : Utilities.Reporting
]]></system-out>
    <system-err><![CDATA[Starting ChromeDriver 109.0.5414.74 (e7c5703604daa9cc128ccf5a5d3e993513758913-refs/branch-heads/5414@{#1172}) on port 30975
Only local connections are allowed.
Please see https://chromedriver.chromium.org/security-considerations for suggestions on keeping ChromeDriver safe.
ChromeDriver was started successfully.
]]></system-err>
  </testcase>
  <testcase name="loginTest" classname="TC.TCLoginTest001" time="0">
    <skipped message="session not created: This version of ChromeDriver only supports Chrome version 109&#10;Current browser version is 111.0.5563.64 with binary path /Applications/Google Chrome.app/Contents/MacOS/Google Chrome&#10;Build info: version: &apos;3.14.0&apos;, revision: &apos;aacccce0&apos;, time: &apos;2018-08-02T20:19:58.91Z&apos;&#10;System info: host: &apos;jojos-MBP.homenet.telecomitalia.it&apos;, ip: &apos;fe80:0:0:0:4bf:396e:8496:d2f4%en0&apos;, os.name: &apos;Mac OS X&apos;, os.arch: &apos;x86_64&apos;, os.version: &apos;13.2.1&apos;, java.version: &apos;19.0.1&apos;&#10;Driver info: driver.version: ChromeDriver&#10;remote stacktrace: 0   chromedriver                        0x0000000102f13fa8 chromedriver + 4886440&#10;1   chromedriver                        0x0000000102e91643 chromedriver + 4351555&#10;2   chromedriver                        0x0000000102adfb27 chromedriver + 477991&#10;3   chromedriver                        0x0000000102b11659 chromedriver + 681561&#10;4   chromedriver                        0x0000000102b0c3bb chromedriver + 660411&#10;5   chromedriver                        0x0000000102b08712 chromedriver + 644882&#10;6   chromedriver                        0x0000000102b53bd7 chromedriver + 953303&#10;7   chromedriver                        0x0000000102b4a3a3 chromedriver + 914339&#10;8   chromedriver                        0x0000000102b1457f chromedriver + 693631&#10;9   chromedriver                        0x0000000102b15b1e chromedriver + 699166&#10;10  chromedriver                        0x0000000102ee0b9e chromedriver + 4676510&#10;11  chromedriver                        0x0000000102ee591e chromedriver + 4696350&#10;12  chromedriver                        0x0000000102eed19f chromedriver + 4727199&#10;13  chromedriver                        0x0000000102ee681a chromedriver + 4700186&#10;14  chromedriver                        0x0000000102eb9a62 chromedriver + 4516450&#10;15  chromedriver                        0x0000000102f058c8 chromedriver + 4827336&#10;16  chromedriver                        0x0000000102f05a45 chromedriver + 4827717&#10;17  chromedriver                        0x0000000102f1b7ef chromedriver + 4917231&#10;18  libsystem_pthread.dylib             0x00007ff80592c259 _pthread_start + 125&#10;19  libsystem_pthread.dylib             0x00007ff805927c7b thread_start + 15&#10;"/>
  </testcase>
  <testcase name="loginTest" classname="TC.TCLoginTest001" time="0.115"/>
  <testcase name="tearDown" classname="TC.TCLoginTest001" time="0">
    <skipped/>
  </testcase>
  <testcase name="setup" classname="TC.TC_LoginDDT_002" time="1.845">
    <failure message="session not created: This version of ChromeDriver only supports Chrome version 109&#10;Current browser version is 111.0.5563.64 with binary path /Applications/Google Chrome.app/Contents/MacOS/Google Chrome&#10;Build info: version: &apos;3.14.0&apos;, revision: &apos;aacccce0&apos;, time: &apos;2018-08-02T20:19:58.91Z&apos;&#10;System info: host: &apos;jojos-MBP.homenet.telecomitalia.it&apos;, ip: &apos;fe80:0:0:0:4bf:396e:8496:d2f4%en0&apos;, os.name: &apos;Mac OS X&apos;, os.arch: &apos;x86_64&apos;, os.version: &apos;13.2.1&apos;, java.version: &apos;19.0.1&apos;&#10;Driver info: driver.version: ChromeDriver&#10;remote stacktrace: 0   chromedriver                        0x000000010e7a3fa8 chromedriver + 4886440&#10;1   chromedriver                        0x000000010e721643 chromedriver + 4351555&#10;2   chromedriver                        0x000000010e36fb27 chromedriver + 477991&#10;3   chromedriver                        0x000000010e3a1659 chromedriver + 681561&#10;4   chromedriver                        0x000000010e39c3bb chromedriver + 660411&#10;5   chromedriver                        0x000000010e398712 chromedriver + 644882&#10;6   chromedriver                        0x000000010e3e3bd7 chromedriver + 953303&#10;7   chromedriver                        0x000000010e3da3a3 chromedriver + 914339&#10;8   chromedriver                        0x000000010e3a457f chromedriver + 693631&#10;9   chromedriver                        0x000000010e3a5b1e chromedriver + 699166&#10;10  chromedriver                        0x000000010e770b9e chromedriver + 4676510&#10;11  chromedriver                        0x000000010e77591e chromedriver + 4696350&#10;12  chromedriver                        0x000000010e77d19f chromedriver + 4727199&#10;13  chromedriver                        0x000000010e77681a chromedriver + 4700186&#10;14  chromedriver                        0x000000010e749a62 chromedriver + 4516450&#10;15  chromedriver                        0x000000010e7958c8 chromedriver + 4827336&#10;16  chromedriver                        0x000000010e795a45 chromedriver + 4827717&#10;17  chromedriver                        0x000000010e7ab7ef chromedriver + 4917231&#10;18  libsystem_pthread.dylib             0x00007ff80592c259 _pthread_start + 125&#10;19  libsystem_pthread.dylib             0x00007ff805927c7b thread_start + 15&#10;" type="org.openqa.selenium.SessionNotCreatedException">org.openqa.selenium.SessionNotCreatedException: 
session not created: This version of ChromeDriver only supports Chrome version 109
Current browser version is 111.0.5563.64 with binary path /Applications/Google Chrome.app/Contents/MacOS/Google Chrome
Build info: version: '3.14.0', revision: 'aacccce0', time: '2018-08-02T20:19:58.91Z'
System info: host: 'jojos-MBP.homenet.telecomitalia.it', ip: 'fe80:0:0:0:4bf:396e:8496:d2f4%en0', os.name: 'Mac OS X', os.arch: 'x86_64', os.version: '13.2.1', java.version: '19.0.1'
Driver info: driver.version: ChromeDriver
remote stacktrace: 0   chromedriver                        0x000000010e7a3fa8 chromedriver + 4886440
1   chromedriver                        0x000000010e721643 chromedriver + 4351555
2   chromedriver                        0x000000010e36fb27 chromedriver + 477991
3   chromedriver                        0x000000010e3a1659 chromedriver + 681561
4   chromedriver                        0x000000010e39c3bb chromedriver + 660411
5   chromedriver                        0x000000010e398712 chromedriver + 644882
6   chromedriver                        0x000000010e3e3bd7 chromedriver + 953303
7   chromedriver                        0x000000010e3da3a3 chromedriver + 914339
8   chromedriver                        0x000000010e3a457f chromedriver + 693631
9   chromedriver                        0x000000010e3a5b1e chromedriver + 699166
10  chromedriver                        0x000000010e770b9e chromedriver + 4676510
11  chromedriver                        0x000000010e77591e chromedriver + 4696350
12  chromedriver                        0x000000010e77d19f chromedriver + 4727199
13  chromedriver                        0x000000010e77681a chromedriver + 4700186
14  chromedriver                        0x000000010e749a62 chromedriver + 4516450
15  chromedriver                        0x000000010e7958c8 chromedriver + 4827336
16  chromedriver                        0x000000010e795a45 chromedriver + 4827717
17  chromedriver                        0x000000010e7ab7ef chromedriver + 4917231
18  libsystem_pthread.dylib             0x00007ff80592c259 _pthread_start + 125
19  libsystem_pthread.dylib             0x00007ff805927c7b thread_start + 15

</failure>
    <system-err><![CDATA[Starting ChromeDriver 109.0.5414.74 (e7c5703604daa9cc128ccf5a5d3e993513758913-refs/branch-heads/5414@{#1172}) on port 27344
Only local connections are allowed.
Please see https://chromedriver.chromium.org/security-considerations for suggestions on keeping ChromeDriver safe.
ChromeDriver was started successfully.
]]></system-err>
  </testcase>
  <testcase name="loginDDT" classname="TC.TC_LoginDDT_002" time="0">
    <skipped message="java.io.FileNotFoundException: /Users/jojozeufack/Desktop/ebanking\src\test\java\TestData\LoginData.xlsx (No such file or directory)"/>
    <system-err><![CDATA[[Utils] [ERROR] [Error] java.io.FileNotFoundException: /Users/jojozeufack/Desktop/ebanking\src\test\java\TestData\LoginData.xlsx (No such file or directory)
	at java.base/java.io.FileInputStream.open0(Native Method)
	at java.base/java.io.FileInputStream.open(FileInputStream.java:219)
	at java.base/java.io.FileInputStream.&lt;init&gt;(FileInputStream.java:158)
	at java.base/java.io.FileInputStream.&lt;init&gt;(FileInputStream.java:112)
	at Utilities.XLUtils.getRowCount(XLUtils.java:24)
	at TC.TC_LoginDDT_002.getData(TC_LoginDDT_002.java:53)
	at java.base/jdk.internal.reflect.DirectMethodHandleAccessor.invoke(DirectMethodHandleAccessor.java:104)
	at java.base/java.lang.reflect.Method.invoke(Method.java:578)
	at org.testng.internal.MethodInvocationHelper.invokeMethod(MethodInvocationHelper.java:134)
	at org.testng.internal.MethodInvocationHelper.invokeMethod(MethodInvocationHelper.java:78)
	at org.testng.internal.MethodInvocationHelper.invokeMethodNoCheckedException(MethodInvocationHelper.java:47)
	at org.testng.internal.MethodInvocationHelper.invokeDataProvider(MethodInvocationHelper.java:147)
	at org.testng.internal.Parameters.handleParameters(Parameters.java:801)
	at org.testng.internal.Parameters.handleParameters(Parameters.java:744)
	at org.testng.internal.ParameterHandler.handleParameters(ParameterHandler.java:59)
	at org.testng.internal.ParameterHandler.createParameters(ParameterHandler.java:38)
	at org.testng.internal.TestInvoker$MethodInvocationAgent.invoke(TestInvoker.java:783)
	at org.testng.internal.TestInvoker.invokeTestMethods(TestInvoker.java:146)
	at org.testng.internal.TestMethodWorker.invokeTestMethods(TestMethodWorker.java:146)
	at org.testng.internal.TestMethodWorker.run(TestMethodWorker.java:128)
	at java.base/java.util.ArrayList.forEach(ArrayList.java:1511)
	at org.testng.TestRunner.privateRun(TestRunner.java:766)
	at org.testng.TestRunner.run(TestRunner.java:587)
	at org.testng.SuiteRunner.runTest(SuiteRunner.java:384)
	at org.testng.SuiteRunner.runSequentially(SuiteRunner.java:378)
	at org.testng.SuiteRunner.privateRun(SuiteRunner.java:337)
	at org.testng.SuiteRunner.run(SuiteRunner.java:286)
	at org.testng.SuiteRunnerWorker.runSuite(SuiteRunnerWorker.java:53)
	at org.testng.SuiteRunnerWorker.run(SuiteRunnerWorker.java:96)
	at org.testng.TestNG.runSuitesSequentially(TestNG.java:1187)
	at org.testng.TestNG.runSuitesLocally(TestNG.java:1109)
	at org.testng.TestNG.runSuites(TestNG.java:1039)
	at org.testng.TestNG.run(TestNG.java:1007)
	at org.apache.maven.surefire.testng.TestNGExecutor.run(TestNGExecutor.java:283)
	at org.apache.maven.surefire.testng.TestNGXmlTestSuite.execute(TestNGXmlTestSuite.java:75)
	at org.apache.maven.surefire.testng.TestNGProvider.invoke(TestNGProvider.java:120)
	at org.apache.maven.surefire.booter.ForkedBooter.invokeProviderInSameClassLoader(ForkedBooter.java:384)
	at org.apache.maven.surefire.booter.ForkedBooter.runSuitesInProcess(ForkedBooter.java:345)
	at org.apache.maven.surefire.booter.ForkedBooter.execute(ForkedBooter.java:126)
	at org.apache.maven.surefire.booter.ForkedBooter.main(ForkedBooter.java:418)

]]></system-err>
  </testcase>
  <testcase name="loginDDT" classname="TC.TC_LoginDDT_002" time="0">
    <skipped message="java.io.FileNotFoundException: /Users/jojozeufack/Desktop/ebanking\src\test\java\TestData\LoginData.xlsx (No such file or directory)"/>
    <system-err><![CDATA[1678276485886	Marionette	INFO	Stopped listening on port 62161
1678276486443	geckodriver	INFO	Listening on 127.0.0.1:3644
1678276486451	mozrunner::runner	INFO	Running command: "/Applications/Firefox.app/Contents/MacOS/firefox-bin" "--marionette" "-foreground" "-no-remote" "-profile" "/var/folders/q8/qr6dk2915_d3szxdfnwhzrfc0000gn/T/rust_mozprofileVY0VkQ"
console.warn: services.settings: Ignoring preference override of remote settings server
console.warn: services.settings: Allow by setting MOZ_REMOTE_SETTINGS_DEVTOOLS=1 in the environment
1678276486996	Marionette	INFO	Marionette enabled
1678276487089	Marionette	INFO	Listening on port 62288
Read port: 62288
1678276487384	RemoteAgent	WARN	TLS certificate errors will be ignored for this session
console.warn: SearchSettings: "get: No settings file exists, new profile?" (new NotFoundError("Could not open the file at /var/folders/q8/qr6dk2915_d3szxdfnwhzrfc0000gn/T/rust_mozprofileVY0VkQ/search.json.mozlz4", (void 0)))
Mar 08, 2023 12:54:49 PM org.openqa.selenium.remote.ProtocolHandshake createSession
INFO: Detected dialect: W3C
[Utils] [ERROR] [Error] java.io.FileNotFoundException: /Users/jojozeufack/Desktop/ebanking\src\test\java\TestData\LoginData.xlsx (No such file or directory)
	at java.base/java.io.FileInputStream.open0(Native Method)
	at java.base/java.io.FileInputStream.open(FileInputStream.java:219)
	at java.base/java.io.FileInputStream.&lt;init&gt;(FileInputStream.java:158)
	at java.base/java.io.FileInputStream.&lt;init&gt;(FileInputStream.java:112)
	at Utilities.XLUtils.getRowCount(XLUtils.java:24)
	at TC.TC_LoginDDT_002.getData(TC_LoginDDT_002.java:53)
	at java.base/jdk.internal.reflect.DirectMethodHandleAccessor.invoke(DirectMethodHandleAccessor.java:104)
	at java.base/java.lang.reflect.Method.invoke(Method.java:578)
	at org.testng.internal.MethodInvocationHelper.invokeMethod(MethodInvocationHelper.java:134)
	at org.testng.internal.MethodInvocationHelper.invokeMethod(MethodInvocationHelper.java:78)
	at org.testng.internal.MethodInvocationHelper.invokeMethodNoCheckedException(MethodInvocationHelper.java:47)
	at org.testng.internal.MethodInvocationHelper.invokeDataProvider(MethodInvocationHelper.java:147)
	at org.testng.internal.Parameters.handleParameters(Parameters.java:801)
	at org.testng.internal.Parameters.handleParameters(Parameters.java:744)
	at org.testng.internal.ParameterHandler.handleParameters(ParameterHandler.java:59)
	at org.testng.internal.ParameterHandler.createParameters(ParameterHandler.java:38)
	at org.testng.internal.TestInvoker$MethodInvocationAgent.invoke(TestInvoker.java:783)
	at org.testng.internal.TestInvoker.invokeTestMethods(TestInvoker.java:146)
	at org.testng.internal.TestMethodWorker.invokeTestMethods(TestMethodWorker.java:146)
	at org.testng.internal.TestMethodWorker.run(TestMethodWorker.java:128)
	at java.base/java.util.ArrayList.forEach(ArrayList.java:1511)
	at org.testng.TestRunner.privateRun(TestRunner.java:766)
	at org.testng.TestRunner.run(TestRunner.java:587)
	at org.testng.SuiteRunner.runTest(SuiteRunner.java:384)
	at org.testng.SuiteRunner.runSequentially(SuiteRunner.java:378)
	at org.testng.SuiteRunner.privateRun(SuiteRunner.java:337)
	at org.testng.SuiteRunner.run(SuiteRunner.java:286)
	at org.testng.SuiteRunnerWorker.runSuite(SuiteRunnerWorker.java:53)
	at org.testng.SuiteRunnerWorker.run(SuiteRunnerWorker.java:96)
	at org.testng.TestNG.runSuitesSequentially(TestNG.java:1187)
	at org.testng.TestNG.runSuitesLocally(TestNG.java:1109)
	at org.testng.TestNG.runSuites(TestNG.java:1039)
	at org.testng.TestNG.run(TestNG.java:1007)
	at org.apache.maven.surefire.testng.TestNGExecutor.run(TestNGExecutor.java:283)
	at org.apache.maven.surefire.testng.TestNGXmlTestSuite.execute(TestNGXmlTestSuite.java:75)
	at org.apache.maven.surefire.testng.TestNGProvider.invoke(TestNGProvider.java:120)
	at org.apache.maven.surefire.booter.ForkedBooter.invokeProviderInSameClassLoader(ForkedBooter.java:384)
	at org.apache.maven.surefire.booter.ForkedBooter.runSuitesInProcess(ForkedBooter.java:345)
	at org.apache.maven.surefire.booter.ForkedBooter.execute(ForkedBooter.java:126)
	at org.apache.maven.surefire.booter.ForkedBooter.main(ForkedBooter.java:418)

]]></system-err>
  </testcase>
  <testcase name="tearDown" classname="TC.TC_LoginDDT_002" time="0">
    <skipped/>
  </testcase>
  <testcase name="setup" classname="TC.TC_AddCustomerTest_003" time="3.673">
    <failure message="session not created: This version of ChromeDriver only supports Chrome version 109&#10;Current browser version is 111.0.5563.64 with binary path /Applications/Google Chrome.app/Contents/MacOS/Google Chrome&#10;Build info: version: &apos;3.14.0&apos;, revision: &apos;aacccce0&apos;, time: &apos;2018-08-02T20:19:58.91Z&apos;&#10;System info: host: &apos;jojos-MBP.homenet.telecomitalia.it&apos;, ip: &apos;fe80:0:0:0:4bf:396e:8496:d2f4%en0&apos;, os.name: &apos;Mac OS X&apos;, os.arch: &apos;x86_64&apos;, os.version: &apos;13.2.1&apos;, java.version: &apos;19.0.1&apos;&#10;Driver info: driver.version: ChromeDriver&#10;remote stacktrace: 0   chromedriver                        0x000000010b559fa8 chromedriver + 4886440&#10;1   chromedriver                        0x000000010b4d7643 chromedriver + 4351555&#10;2   chromedriver                        0x000000010b125b27 chromedriver + 477991&#10;3   chromedriver                        0x000000010b157659 chromedriver + 681561&#10;4   chromedriver                        0x000000010b1523bb chromedriver + 660411&#10;5   chromedriver                        0x000000010b14e712 chromedriver + 644882&#10;6   chromedriver                        0x000000010b199bd7 chromedriver + 953303&#10;7   chromedriver                        0x000000010b1903a3 chromedriver + 914339&#10;8   chromedriver                        0x000000010b15a57f chromedriver + 693631&#10;9   chromedriver                        0x000000010b15bb1e chromedriver + 699166&#10;10  chromedriver                        0x000000010b526b9e chromedriver + 4676510&#10;11  chromedriver                        0x000000010b52b91e chromedriver + 4696350&#10;12  chromedriver                        0x000000010b53319f chromedriver + 4727199&#10;13  chromedriver                        0x000000010b52c81a chromedriver + 4700186&#10;14  chromedriver                        0x000000010b4ffa62 chromedriver + 4516450&#10;15  chromedriver                        0x000000010b54b8c8 chromedriver + 4827336&#10;16  chromedriver                        0x000000010b54ba45 chromedriver + 4827717&#10;17  chromedriver                        0x000000010b5617ef chromedriver + 4917231&#10;18  libsystem_pthread.dylib             0x00007ff80592c259 _pthread_start + 125&#10;19  libsystem_pthread.dylib             0x00007ff805927c7b thread_start + 15&#10;" type="org.openqa.selenium.SessionNotCreatedException">org.openqa.selenium.SessionNotCreatedException: 
session not created: This version of ChromeDriver only supports Chrome version 109
Current browser version is 111.0.5563.64 with binary path /Applications/Google Chrome.app/Contents/MacOS/Google Chrome
Build info: version: '3.14.0', revision: 'aacccce0', time: '2018-08-02T20:19:58.91Z'
System info: host: 'jojos-MBP.homenet.telecomitalia.it', ip: 'fe80:0:0:0:4bf:396e:8496:d2f4%en0', os.name: 'Mac OS X', os.arch: 'x86_64', os.version: '13.2.1', java.version: '19.0.1'
Driver info: driver.version: ChromeDriver
remote stacktrace: 0   chromedriver                        0x000000010b559fa8 chromedriver + 4886440
1   chromedriver                        0x000000010b4d7643 chromedriver + 4351555
2   chromedriver                        0x000000010b125b27 chromedriver + 477991
3   chromedriver                        0x000000010b157659 chromedriver + 681561
4   chromedriver                        0x000000010b1523bb chromedriver + 660411
5   chromedriver                        0x000000010b14e712 chromedriver + 644882
6   chromedriver                        0x000000010b199bd7 chromedriver + 953303
7   chromedriver                        0x000000010b1903a3 chromedriver + 914339
8   chromedriver                        0x000000010b15a57f chromedriver + 693631
9   chromedriver                        0x000000010b15bb1e chromedriver + 699166
10  chromedriver                        0x000000010b526b9e chromedriver + 4676510
11  chromedriver                        0x000000010b52b91e chromedriver + 4696350
12  chromedriver                        0x000000010b53319f chromedriver + 4727199
13  chromedriver                        0x000000010b52c81a chromedriver + 4700186
14  chromedriver                        0x000000010b4ffa62 chromedriver + 4516450
15  chromedriver                        0x000000010b54b8c8 chromedriver + 4827336
16  chromedriver                        0x000000010b54ba45 chromedriver + 4827717
17  chromedriver                        0x000000010b5617ef chromedriver + 4917231
18  libsystem_pthread.dylib             0x00007ff80592c259 _pthread_start + 125
19  libsystem_pthread.dylib             0x00007ff805927c7b thread_start + 15

</failure>
    <system-err><![CDATA[Starting ChromeDriver 109.0.5414.74 (e7c5703604daa9cc128ccf5a5d3e993513758913-refs/branch-heads/5414@{#1172}) on port 40262
Only local connections are allowed.
Please see https://chromedriver.chromium.org/security-considerations for suggestions on keeping ChromeDriver safe.
ChromeDriver was started successfully.
]]></system-err>
  </testcase>
  <testcase name="addNewCustomer" classname="TC.TC_AddCustomerTest_003" time="0">
    <skipped message="session not created: This version of ChromeDriver only supports Chrome version 109&#10;Current browser version is 111.0.5563.64 with binary path /Applications/Google Chrome.app/Contents/MacOS/Google Chrome&#10;Build info: version: &apos;3.14.0&apos;, revision: &apos;aacccce0&apos;, time: &apos;2018-08-02T20:19:58.91Z&apos;&#10;System info: host: &apos;jojos-MBP.homenet.telecomitalia.it&apos;, ip: &apos;fe80:0:0:0:4bf:396e:8496:d2f4%en0&apos;, os.name: &apos;Mac OS X&apos;, os.arch: &apos;x86_64&apos;, os.version: &apos;13.2.1&apos;, java.version: &apos;19.0.1&apos;&#10;Driver info: driver.version: ChromeDriver&#10;remote stacktrace: 0   chromedriver                        0x000000010b559fa8 chromedriver + 4886440&#10;1   chromedriver                        0x000000010b4d7643 chromedriver + 4351555&#10;2   chromedriver                        0x000000010b125b27 chromedriver + 477991&#10;3   chromedriver                        0x000000010b157659 chromedriver + 681561&#10;4   chromedriver                        0x000000010b1523bb chromedriver + 660411&#10;5   chromedriver                        0x000000010b14e712 chromedriver + 644882&#10;6   chromedriver                        0x000000010b199bd7 chromedriver + 953303&#10;7   chromedriver                        0x000000010b1903a3 chromedriver + 914339&#10;8   chromedriver                        0x000000010b15a57f chromedriver + 693631&#10;9   chromedriver                        0x000000010b15bb1e chromedriver + 699166&#10;10  chromedriver                        0x000000010b526b9e chromedriver + 4676510&#10;11  chromedriver                        0x000000010b52b91e chromedriver + 4696350&#10;12  chromedriver                        0x000000010b53319f chromedriver + 4727199&#10;13  chromedriver                        0x000000010b52c81a chromedriver + 4700186&#10;14  chromedriver                        0x000000010b4ffa62 chromedriver + 4516450&#10;15  chromedriver                        0x000000010b54b8c8 chromedriver + 4827336&#10;16  chromedriver                        0x000000010b54ba45 chromedriver + 4827717&#10;17  chromedriver                        0x000000010b5617ef chromedriver + 4917231&#10;18  libsystem_pthread.dylib             0x00007ff80592c259 _pthread_start + 125&#10;19  libsystem_pthread.dylib             0x00007ff805927c7b thread_start + 15&#10;"/>
  </testcase>
  <testcase name="addNewCustomer" classname="TC.TC_AddCustomerTest_003" time="3.094">
    <failure message="Element &lt;a href=&quot;addcustomerpage.php&quot;&gt; is not clickable at point (120,393) because another element &lt;div id=&quot;gdpr-consent-tool-wrapper&quot;&gt; obscures it&#10;Build info: version: &apos;3.14.0&apos;, revision: &apos;aacccce0&apos;, time: &apos;2018-08-02T20:19:58.91Z&apos;&#10;System info: host: &apos;jojos-MBP.homenet.telecomitalia.it&apos;, ip: &apos;fe80:0:0:0:4bf:396e:8496:d2f4%en0&apos;, os.name: &apos;Mac OS X&apos;, os.arch: &apos;x86_64&apos;, os.version: &apos;13.2.1&apos;, java.version: &apos;19.0.1&apos;&#10;Driver info: org.openqa.selenium.firefox.FirefoxDriver&#10;Capabilities {acceptInsecureCerts: true, browserName: firefox, browserVersion: 110.0.1, javascriptEnabled: true, moz:accessibilityChecks: false, moz:buildID: 20230227191043, moz:geckodriverVersion: 0.32.2, moz:headless: false, moz:platformVersion: 22.3.0, moz:processID: 66541, moz:profile: /var/folders/q8/qr6dk2915_d..., moz:shutdownTimeout: 60000, moz:useNonSpecCompliantPointerOrigin: false, moz:webdriverClick: true, moz:windowless: false, pageLoadStrategy: normal, platform: MAC, platformName: MAC, proxy: Proxy(), setWindowRect: true, strictFileInteractability: false, timeouts: {implicit: 0, pageLoad: 300000, script: 30000}, unhandledPromptBehavior: dismiss and notify}&#10;Session ID: 6caf6321-1a38-40aa-9a38-33672d9f4862" type="org.openqa.selenium.ElementClickInterceptedException"><![CDATA[org.openqa.selenium.ElementClickInterceptedException: 
Element <a href="addcustomerpage.php"> is not clickable at point (120,393) because another element <div id="gdpr-consent-tool-wrapper"> obscures it
Build info: version: '3.14.0', revision: 'aacccce0', time: '2018-08-02T20:19:58.91Z'
System info: host: 'jojos-MBP.homenet.telecomitalia.it', ip: 'fe80:0:0:0:4bf:396e:8496:d2f4%en0', os.name: 'Mac OS X', os.arch: 'x86_64', os.version: '13.2.1', java.version: '19.0.1'
Driver info: org.openqa.selenium.firefox.FirefoxDriver
Capabilities {acceptInsecureCerts: true, browserName: firefox, browserVersion: 110.0.1, javascriptEnabled: true, moz:accessibilityChecks: false, moz:buildID: 20230227191043, moz:geckodriverVersion: 0.32.2, moz:headless: false, moz:platformVersion: 22.3.0, moz:processID: 66541, moz:profile: /var/folders/q8/qr6dk2915_d..., moz:shutdownTimeout: 60000, moz:useNonSpecCompliantPointerOrigin: false, moz:webdriverClick: true, moz:windowless: false, pageLoadStrategy: normal, platform: MAC, platformName: MAC, proxy: Proxy(), setWindowRect: true, strictFileInteractability: false, timeouts: {implicit: 0, pageLoad: 300000, script: 30000}, unhandledPromptBehavior: dismiss and notify}
Session ID: 6caf6321-1a38-40aa-9a38-33672d9f4862
	at TC.TC_AddCustomerTest_003.addNewCustomer(TC_AddCustomerTest_003.java:26)
]]></failure>
    <system-out><![CDATA[ INFO [main] (TC_AddCustomerTest_003.java:19)- user name provided
 INFO [main] (TC_AddCustomerTest_003.java:21)- password provided
]]></system-out>
    <system-err><![CDATA[1678276491386	Marionette	INFO	Stopped listening on port 62288
1678276491908	geckodriver	INFO	Listening on 127.0.0.1:33515
1678276491916	mozrunner::runner	INFO	Running command: "/Applications/Firefox.app/Contents/MacOS/firefox-bin" "--marionette" "-foreground" "-no-remote" "-profile" "/var/folders/q8/qr6dk2915_d3szxdfnwhzrfc0000gn/T/rust_mozprofilefbPUdl"
console.warn: services.settings: Ignoring preference override of remote settings server
console.warn: services.settings: Allow by setting MOZ_REMOTE_SETTINGS_DEVTOOLS=1 in the environment
1678276492475	Marionette	INFO	Marionette enabled
1678276492565	Marionette	INFO	Listening on port 62403
Read port: 62403
1678276492850	RemoteAgent	WARN	TLS certificate errors will be ignored for this session
console.warn: SearchSettings: "get: No settings file exists, new profile?" (new NotFoundError("Could not open the file at /var/folders/q8/qr6dk2915_d3szxdfnwhzrfc0000gn/T/rust_mozprofilefbPUdl/search.json.mozlz4", (void 0)))
Mar 08, 2023 12:54:54 PM org.openqa.selenium.remote.ProtocolHandshake createSession
INFO: Detected dialect: W3C
console.warn: LoginRecipes: "Falling back to a synchronous message for: https://demo.guru99.com."
console.warn: LoginRecipes: "Falling back to a synchronous message for: https://demo.guru99.com."
1678276496859	Marionette	WARN	Ignoring event 'DOMContentLoaded' because document has an invalid readyState of 'complete'.
]]></system-err>
  </testcase>
  <testcase name="tearDown" classname="TC.TC_AddCustomerTest_003" time="0">
    <skipped/>
  </testcase>
</testsuite>