<?xml version="1.0" encoding="UTF-8"?>
<testng-results ignored="0" total="1" passed="1" failed="0" skipped="0">
  <reporter-output>
  </reporter-output>
  <suite started-at="2023-04-05T15:10:58 CEST" name="MyTestSuite" finished-at="2023-04-05T15:11:05 CEST" duration-ms="7353">
    <groups>
    </groups>
    <test started-at="2023-04-05T15:10:58 CEST" name="BankingApp" finished-at="2023-04-05T15:11:05 CEST" duration-ms="7353">
      <class name="SecurityTest.ZapSecurityTest">
        <test-method is-config="true" signature="setup()[pri:0, instance:SecurityTest.ZapSecurityTest@12e61fe6]" started-at="2023-04-05T15:10:58 CEST" name="setup" finished-at="2023-04-05T15:11:00 CEST" duration-ms="2573" status="PASS">
          <reporter-output>
          </reporter-output>
        </test-method> <!-- setup -->
        <test-method signature="demoGuru99()[pri:0, instance:SecurityTest.ZapSecurityTest@12e61fe6]" started-at="2023-04-05T15:11:00 CEST" name="demoGuru99" finished-at="2023-04-05T15:11:04 CEST" duration-ms="3597" status="PASS">
          <reporter-output>
          </reporter-output>
        </test-method> <!-- demoGuru99 -->
        <test-method is-config="true" signature="tearDown()[pri:0, instance:SecurityTest.ZapSecurityTest@12e61fe6]" started-at="2023-04-05T15:11:04 CEST" name="tearDown" finished-at="2023-04-05T15:11:05 CEST" duration-ms="1162" status="PASS">
          <reporter-output>
          </reporter-output>
        </test-method> <!-- tearDown -->
      </class> <!-- SecurityTest.ZapSecurityTest -->
    </test> <!-- BankingApp -->
  </suite> <!-- MyTestSuite -->
</testng-results>
